#! /opt/homebrew/Cellar/icarus-verilog/12.0/bin/vvp
:ivl_version "12.0 (stable)";
:ivl_delay_selection "TYPICAL";
:vpi_time_precision + 0;
:vpi_module "/opt/homebrew/Cellar/icarus-verilog/12.0/lib/ivl/system.vpi";
:vpi_module "/opt/homebrew/Cellar/icarus-verilog/12.0/lib/ivl/vhdl_sys.vpi";
:vpi_module "/opt/homebrew/Cellar/icarus-verilog/12.0/lib/ivl/vhdl_textio.vpi";
:vpi_module "/opt/homebrew/Cellar/icarus-verilog/12.0/lib/ivl/v2005_math.vpi";
:vpi_module "/opt/homebrew/Cellar/icarus-verilog/12.0/lib/ivl/va_math.vpi";
S_0x134705940 .scope module, "data_memory" "data_memory" 2 1;
 .timescale 0 0;
    .port_info 0 /INPUT 1 "clk";
    .port_info 1 /INPUT 1 "MemRead";
    .port_info 2 /INPUT 1 "MemWrite";
    .port_info 3 /INPUT 32 "address";
    .port_info 4 /INPUT 32 "write_data";
    .port_info 5 /OUTPUT 32 "read_data";
o0x138040010 .functor BUFZ 1, C4<z>; HiZ drive
v0x13470ec00_0 .net "MemRead", 0 0, o0x138040010;  0 drivers
o0x138040040 .functor BUFZ 1, C4<z>; HiZ drive
v0x13471bb00_0 .net "MemWrite", 0 0, o0x138040040;  0 drivers
o0x138040070 .functor BUFZ 32, C4<zzzzzzzzzzzzzzzzzzzzzzzzzzzzzzzz>; HiZ drive
v0x13471bba0_0 .net "address", 31 0, o0x138040070;  0 drivers
o0x1380400a0 .functor BUFZ 1, C4<z>; HiZ drive
v0x13471bc40_0 .net "clk", 0 0, o0x1380400a0;  0 drivers
v0x13471bce0 .array "memory", 255 0, 31 0;
v0x13471cdc0_0 .var "read_data", 31 0;
o0x138043100 .functor BUFZ 32, C4<zzzzzzzzzzzzzzzzzzzzzzzzzzzzzzzz>; HiZ drive
v0x13471ce70_0 .net "write_data", 31 0, o0x138043100;  0 drivers
v0x13471bce0_0 .array/port v0x13471bce0, 0;
v0x13471bce0_1 .array/port v0x13471bce0, 1;
E_0x134705cc0/0 .event anyedge, v0x13470ec00_0, v0x13471bba0_0, v0x13471bce0_0, v0x13471bce0_1;
v0x13471bce0_2 .array/port v0x13471bce0, 2;
v0x13471bce0_3 .array/port v0x13471bce0, 3;
v0x13471bce0_4 .array/port v0x13471bce0, 4;
v0x13471bce0_5 .array/port v0x13471bce0, 5;
E_0x134705cc0/1 .event anyedge, v0x13471bce0_2, v0x13471bce0_3, v0x13471bce0_4, v0x13471bce0_5;
v0x13471bce0_6 .array/port v0x13471bce0, 6;
v0x13471bce0_7 .array/port v0x13471bce0, 7;
v0x13471bce0_8 .array/port v0x13471bce0, 8;
v0x13471bce0_9 .array/port v0x13471bce0, 9;
E_0x134705cc0/2 .event anyedge, v0x13471bce0_6, v0x13471bce0_7, v0x13471bce0_8, v0x13471bce0_9;
v0x13471bce0_10 .array/port v0x13471bce0, 10;
v0x13471bce0_11 .array/port v0x13471bce0, 11;
v0x13471bce0_12 .array/port v0x13471bce0, 12;
v0x13471bce0_13 .array/port v0x13471bce0, 13;
E_0x134705cc0/3 .event anyedge, v0x13471bce0_10, v0x13471bce0_11, v0x13471bce0_12, v0x13471bce0_13;
v0x13471bce0_14 .array/port v0x13471bce0, 14;
v0x13471bce0_15 .array/port v0x13471bce0, 15;
v0x13471bce0_16 .array/port v0x13471bce0, 16;
v0x13471bce0_17 .array/port v0x13471bce0, 17;
E_0x134705cc0/4 .event anyedge, v0x13471bce0_14, v0x13471bce0_15, v0x13471bce0_16, v0x13471bce0_17;
v0x13471bce0_18 .array/port v0x13471bce0, 18;
v0x13471bce0_19 .array/port v0x13471bce0, 19;
v0x13471bce0_20 .array/port v0x13471bce0, 20;
v0x13471bce0_21 .array/port v0x13471bce0, 21;
E_0x134705cc0/5 .event anyedge, v0x13471bce0_18, v0x13471bce0_19, v0x13471bce0_20, v0x13471bce0_21;
v0x13471bce0_22 .array/port v0x13471bce0, 22;
v0x13471bce0_23 .array/port v0x13471bce0, 23;
v0x13471bce0_24 .array/port v0x13471bce0, 24;
v0x13471bce0_25 .array/port v0x13471bce0, 25;
E_0x134705cc0/6 .event anyedge, v0x13471bce0_22, v0x13471bce0_23, v0x13471bce0_24, v0x13471bce0_25;
v0x13471bce0_26 .array/port v0x13471bce0, 26;
v0x13471bce0_27 .array/port v0x13471bce0, 27;
v0x13471bce0_28 .array/port v0x13471bce0, 28;
v0x13471bce0_29 .array/port v0x13471bce0, 29;
E_0x134705cc0/7 .event anyedge, v0x13471bce0_26, v0x13471bce0_27, v0x13471bce0_28, v0x13471bce0_29;
v0x13471bce0_30 .array/port v0x13471bce0, 30;
v0x13471bce0_31 .array/port v0x13471bce0, 31;
v0x13471bce0_32 .array/port v0x13471bce0, 32;
v0x13471bce0_33 .array/port v0x13471bce0, 33;
E_0x134705cc0/8 .event anyedge, v0x13471bce0_30, v0x13471bce0_31, v0x13471bce0_32, v0x13471bce0_33;
v0x13471bce0_34 .array/port v0x13471bce0, 34;
v0x13471bce0_35 .array/port v0x13471bce0, 35;
v0x13471bce0_36 .array/port v0x13471bce0, 36;
v0x13471bce0_37 .array/port v0x13471bce0, 37;
E_0x134705cc0/9 .event anyedge, v0x13471bce0_34, v0x13471bce0_35, v0x13471bce0_36, v0x13471bce0_37;
v0x13471bce0_38 .array/port v0x13471bce0, 38;
v0x13471bce0_39 .array/port v0x13471bce0, 39;
v0x13471bce0_40 .array/port v0x13471bce0, 40;
v0x13471bce0_41 .array/port v0x13471bce0, 41;
E_0x134705cc0/10 .event anyedge, v0x13471bce0_38, v0x13471bce0_39, v0x13471bce0_40, v0x13471bce0_41;
v0x13471bce0_42 .array/port v0x13471bce0, 42;
v0x13471bce0_43 .array/port v0x13471bce0, 43;
v0x13471bce0_44 .array/port v0x13471bce0, 44;
v0x13471bce0_45 .array/port v0x13471bce0, 45;
E_0x134705cc0/11 .event anyedge, v0x13471bce0_42, v0x13471bce0_43, v0x13471bce0_44, v0x13471bce0_45;
v0x13471bce0_46 .array/port v0x13471bce0, 46;
v0x13471bce0_47 .array/port v0x13471bce0, 47;
v0x13471bce0_48 .array/port v0x13471bce0, 48;
v0x13471bce0_49 .array/port v0x13471bce0, 49;
E_0x134705cc0/12 .event anyedge, v0x13471bce0_46, v0x13471bce0_47, v0x13471bce0_48, v0x13471bce0_49;
v0x13471bce0_50 .array/port v0x13471bce0, 50;
v0x13471bce0_51 .array/port v0x13471bce0, 51;
v0x13471bce0_52 .array/port v0x13471bce0, 52;
v0x13471bce0_53 .array/port v0x13471bce0, 53;
E_0x134705cc0/13 .event anyedge, v0x13471bce0_50, v0x13471bce0_51, v0x13471bce0_52, v0x13471bce0_53;
v0x13471bce0_54 .array/port v0x13471bce0, 54;
v0x13471bce0_55 .array/port v0x13471bce0, 55;
v0x13471bce0_56 .array/port v0x13471bce0, 56;
v0x13471bce0_57 .array/port v0x13471bce0, 57;
E_0x134705cc0/14 .event anyedge, v0x13471bce0_54, v0x13471bce0_55, v0x13471bce0_56, v0x13471bce0_57;
v0x13471bce0_58 .array/port v0x13471bce0, 58;
v0x13471bce0_59 .array/port v0x13471bce0, 59;
v0x13471bce0_60 .array/port v0x13471bce0, 60;
v0x13471bce0_61 .array/port v0x13471bce0, 61;
E_0x134705cc0/15 .event anyedge, v0x13471bce0_58, v0x13471bce0_59, v0x13471bce0_60, v0x13471bce0_61;
v0x13471bce0_62 .array/port v0x13471bce0, 62;
v0x13471bce0_63 .array/port v0x13471bce0, 63;
v0x13471bce0_64 .array/port v0x13471bce0, 64;
v0x13471bce0_65 .array/port v0x13471bce0, 65;
E_0x134705cc0/16 .event anyedge, v0x13471bce0_62, v0x13471bce0_63, v0x13471bce0_64, v0x13471bce0_65;
v0x13471bce0_66 .array/port v0x13471bce0, 66;
v0x13471bce0_67 .array/port v0x13471bce0, 67;
v0x13471bce0_68 .array/port v0x13471bce0, 68;
v0x13471bce0_69 .array/port v0x13471bce0, 69;
E_0x134705cc0/17 .event anyedge, v0x13471bce0_66, v0x13471bce0_67, v0x13471bce0_68, v0x13471bce0_69;
v0x13471bce0_70 .array/port v0x13471bce0, 70;
v0x13471bce0_71 .array/port v0x13471bce0, 71;
v0x13471bce0_72 .array/port v0x13471bce0, 72;
v0x13471bce0_73 .array/port v0x13471bce0, 73;
E_0x134705cc0/18 .event anyedge, v0x13471bce0_70, v0x13471bce0_71, v0x13471bce0_72, v0x13471bce0_73;
v0x13471bce0_74 .array/port v0x13471bce0, 74;
v0x13471bce0_75 .array/port v0x13471bce0, 75;
v0x13471bce0_76 .array/port v0x13471bce0, 76;
v0x13471bce0_77 .array/port v0x13471bce0, 77;
E_0x134705cc0/19 .event anyedge, v0x13471bce0_74, v0x13471bce0_75, v0x13471bce0_76, v0x13471bce0_77;
v0x13471bce0_78 .array/port v0x13471bce0, 78;
v0x13471bce0_79 .array/port v0x13471bce0, 79;
v0x13471bce0_80 .array/port v0x13471bce0, 80;
v0x13471bce0_81 .array/port v0x13471bce0, 81;
E_0x134705cc0/20 .event anyedge, v0x13471bce0_78, v0x13471bce0_79, v0x13471bce0_80, v0x13471bce0_81;
v0x13471bce0_82 .array/port v0x13471bce0, 82;
v0x13471bce0_83 .array/port v0x13471bce0, 83;
v0x13471bce0_84 .array/port v0x13471bce0, 84;
v0x13471bce0_85 .array/port v0x13471bce0, 85;
E_0x134705cc0/21 .event anyedge, v0x13471bce0_82, v0x13471bce0_83, v0x13471bce0_84, v0x13471bce0_85;
v0x13471bce0_86 .array/port v0x13471bce0, 86;
v0x13471bce0_87 .array/port v0x13471bce0, 87;
v0x13471bce0_88 .array/port v0x13471bce0, 88;
v0x13471bce0_89 .array/port v0x13471bce0, 89;
E_0x134705cc0/22 .event anyedge, v0x13471bce0_86, v0x13471bce0_87, v0x13471bce0_88, v0x13471bce0_89;
v0x13471bce0_90 .array/port v0x13471bce0, 90;
v0x13471bce0_91 .array/port v0x13471bce0, 91;
v0x13471bce0_92 .array/port v0x13471bce0, 92;
v0x13471bce0_93 .array/port v0x13471bce0, 93;
E_0x134705cc0/23 .event anyedge, v0x13471bce0_90, v0x13471bce0_91, v0x13471bce0_92, v0x13471bce0_93;
v0x13471bce0_94 .array/port v0x13471bce0, 94;
v0x13471bce0_95 .array/port v0x13471bce0, 95;
v0x13471bce0_96 .array/port v0x13471bce0, 96;
v0x13471bce0_97 .array/port v0x13471bce0, 97;
E_0x134705cc0/24 .event anyedge, v0x13471bce0_94, v0x13471bce0_95, v0x13471bce0_96, v0x13471bce0_97;
v0x13471bce0_98 .array/port v0x13471bce0, 98;
v0x13471bce0_99 .array/port v0x13471bce0, 99;
v0x13471bce0_100 .array/port v0x13471bce0, 100;
v0x13471bce0_101 .array/port v0x13471bce0, 101;
E_0x134705cc0/25 .event anyedge, v0x13471bce0_98, v0x13471bce0_99, v0x13471bce0_100, v0x13471bce0_101;
v0x13471bce0_102 .array/port v0x13471bce0, 102;
v0x13471bce0_103 .array/port v0x13471bce0, 103;
v0x13471bce0_104 .array/port v0x13471bce0, 104;
v0x13471bce0_105 .array/port v0x13471bce0, 105;
E_0x134705cc0/26 .event anyedge, v0x13471bce0_102, v0x13471bce0_103, v0x13471bce0_104, v0x13471bce0_105;
v0x13471bce0_106 .array/port v0x13471bce0, 106;
v0x13471bce0_107 .array/port v0x13471bce0, 107;
v0x13471bce0_108 .array/port v0x13471bce0, 108;
v0x13471bce0_109 .array/port v0x13471bce0, 109;
E_0x134705cc0/27 .event anyedge, v0x13471bce0_106, v0x13471bce0_107, v0x13471bce0_108, v0x13471bce0_109;
v0x13471bce0_110 .array/port v0x13471bce0, 110;
v0x13471bce0_111 .array/port v0x13471bce0, 111;
v0x13471bce0_112 .array/port v0x13471bce0, 112;
v0x13471bce0_113 .array/port v0x13471bce0, 113;
E_0x134705cc0/28 .event anyedge, v0x13471bce0_110, v0x13471bce0_111, v0x13471bce0_112, v0x13471bce0_113;
v0x13471bce0_114 .array/port v0x13471bce0, 114;
v0x13471bce0_115 .array/port v0x13471bce0, 115;
v0x13471bce0_116 .array/port v0x13471bce0, 116;
v0x13471bce0_117 .array/port v0x13471bce0, 117;
E_0x134705cc0/29 .event anyedge, v0x13471bce0_114, v0x13471bce0_115, v0x13471bce0_116, v0x13471bce0_117;
v0x13471bce0_118 .array/port v0x13471bce0, 118;
v0x13471bce0_119 .array/port v0x13471bce0, 119;
v0x13471bce0_120 .array/port v0x13471bce0, 120;
v0x13471bce0_121 .array/port v0x13471bce0, 121;
E_0x134705cc0/30 .event anyedge, v0x13471bce0_118, v0x13471bce0_119, v0x13471bce0_120, v0x13471bce0_121;
v0x13471bce0_122 .array/port v0x13471bce0, 122;
v0x13471bce0_123 .array/port v0x13471bce0, 123;
v0x13471bce0_124 .array/port v0x13471bce0, 124;
v0x13471bce0_125 .array/port v0x13471bce0, 125;
E_0x134705cc0/31 .event anyedge, v0x13471bce0_122, v0x13471bce0_123, v0x13471bce0_124, v0x13471bce0_125;
v0x13471bce0_126 .array/port v0x13471bce0, 126;
v0x13471bce0_127 .array/port v0x13471bce0, 127;
v0x13471bce0_128 .array/port v0x13471bce0, 128;
v0x13471bce0_129 .array/port v0x13471bce0, 129;
E_0x134705cc0/32 .event anyedge, v0x13471bce0_126, v0x13471bce0_127, v0x13471bce0_128, v0x13471bce0_129;
v0x13471bce0_130 .array/port v0x13471bce0, 130;
v0x13471bce0_131 .array/port v0x13471bce0, 131;
v0x13471bce0_132 .array/port v0x13471bce0, 132;
v0x13471bce0_133 .array/port v0x13471bce0, 133;
E_0x134705cc0/33 .event anyedge, v0x13471bce0_130, v0x13471bce0_131, v0x13471bce0_132, v0x13471bce0_133;
v0x13471bce0_134 .array/port v0x13471bce0, 134;
v0x13471bce0_135 .array/port v0x13471bce0, 135;
v0x13471bce0_136 .array/port v0x13471bce0, 136;
v0x13471bce0_137 .array/port v0x13471bce0, 137;
E_0x134705cc0/34 .event anyedge, v0x13471bce0_134, v0x13471bce0_135, v0x13471bce0_136, v0x13471bce0_137;
v0x13471bce0_138 .array/port v0x13471bce0, 138;
v0x13471bce0_139 .array/port v0x13471bce0, 139;
v0x13471bce0_140 .array/port v0x13471bce0, 140;
v0x13471bce0_141 .array/port v0x13471bce0, 141;
E_0x134705cc0/35 .event anyedge, v0x13471bce0_138, v0x13471bce0_139, v0x13471bce0_140, v0x13471bce0_141;
v0x13471bce0_142 .array/port v0x13471bce0, 142;
v0x13471bce0_143 .array/port v0x13471bce0, 143;
v0x13471bce0_144 .array/port v0x13471bce0, 144;
v0x13471bce0_145 .array/port v0x13471bce0, 145;
E_0x134705cc0/36 .event anyedge, v0x13471bce0_142, v0x13471bce0_143, v0x13471bce0_144, v0x13471bce0_145;
v0x13471bce0_146 .array/port v0x13471bce0, 146;
v0x13471bce0_147 .array/port v0x13471bce0, 147;
v0x13471bce0_148 .array/port v0x13471bce0, 148;
v0x13471bce0_149 .array/port v0x13471bce0, 149;
E_0x134705cc0/37 .event anyedge, v0x13471bce0_146, v0x13471bce0_147, v0x13471bce0_148, v0x13471bce0_149;
v0x13471bce0_150 .array/port v0x13471bce0, 150;
v0x13471bce0_151 .array/port v0x13471bce0, 151;
v0x13471bce0_152 .array/port v0x13471bce0, 152;
v0x13471bce0_153 .array/port v0x13471bce0, 153;
E_0x134705cc0/38 .event anyedge, v0x13471bce0_150, v0x13471bce0_151, v0x13471bce0_152, v0x13471bce0_153;
v0x13471bce0_154 .array/port v0x13471bce0, 154;
v0x13471bce0_155 .array/port v0x13471bce0, 155;
v0x13471bce0_156 .array/port v0x13471bce0, 156;
v0x13471bce0_157 .array/port v0x13471bce0, 157;
E_0x134705cc0/39 .event anyedge, v0x13471bce0_154, v0x13471bce0_155, v0x13471bce0_156, v0x13471bce0_157;
v0x13471bce0_158 .array/port v0x13471bce0, 158;
v0x13471bce0_159 .array/port v0x13471bce0, 159;
v0x13471bce0_160 .array/port v0x13471bce0, 160;
v0x13471bce0_161 .array/port v0x13471bce0, 161;
E_0x134705cc0/40 .event anyedge, v0x13471bce0_158, v0x13471bce0_159, v0x13471bce0_160, v0x13471bce0_161;
v0x13471bce0_162 .array/port v0x13471bce0, 162;
v0x13471bce0_163 .array/port v0x13471bce0, 163;
v0x13471bce0_164 .array/port v0x13471bce0, 164;
v0x13471bce0_165 .array/port v0x13471bce0, 165;
E_0x134705cc0/41 .event anyedge, v0x13471bce0_162, v0x13471bce0_163, v0x13471bce0_164, v0x13471bce0_165;
v0x13471bce0_166 .array/port v0x13471bce0, 166;
v0x13471bce0_167 .array/port v0x13471bce0, 167;
v0x13471bce0_168 .array/port v0x13471bce0, 168;
v0x13471bce0_169 .array/port v0x13471bce0, 169;
E_0x134705cc0/42 .event anyedge, v0x13471bce0_166, v0x13471bce0_167, v0x13471bce0_168, v0x13471bce0_169;
v0x13471bce0_170 .array/port v0x13471bce0, 170;
v0x13471bce0_171 .array/port v0x13471bce0, 171;
v0x13471bce0_172 .array/port v0x13471bce0, 172;
v0x13471bce0_173 .array/port v0x13471bce0, 173;
E_0x134705cc0/43 .event anyedge, v0x13471bce0_170, v0x13471bce0_171, v0x13471bce0_172, v0x13471bce0_173;
v0x13471bce0_174 .array/port v0x13471bce0, 174;
v0x13471bce0_175 .array/port v0x13471bce0, 175;
v0x13471bce0_176 .array/port v0x13471bce0, 176;
v0x13471bce0_177 .array/port v0x13471bce0, 177;
E_0x134705cc0/44 .event anyedge, v0x13471bce0_174, v0x13471bce0_175, v0x13471bce0_176, v0x13471bce0_177;
v0x13471bce0_178 .array/port v0x13471bce0, 178;
v0x13471bce0_179 .array/port v0x13471bce0, 179;
v0x13471bce0_180 .array/port v0x13471bce0, 180;
v0x13471bce0_181 .array/port v0x13471bce0, 181;
E_0x134705cc0/45 .event anyedge, v0x13471bce0_178, v0x13471bce0_179, v0x13471bce0_180, v0x13471bce0_181;
v0x13471bce0_182 .array/port v0x13471bce0, 182;
v0x13471bce0_183 .array/port v0x13471bce0, 183;
v0x13471bce0_184 .array/port v0x13471bce0, 184;
v0x13471bce0_185 .array/port v0x13471bce0, 185;
E_0x134705cc0/46 .event anyedge, v0x13471bce0_182, v0x13471bce0_183, v0x13471bce0_184, v0x13471bce0_185;
v0x13471bce0_186 .array/port v0x13471bce0, 186;
v0x13471bce0_187 .array/port v0x13471bce0, 187;
v0x13471bce0_188 .array/port v0x13471bce0, 188;
v0x13471bce0_189 .array/port v0x13471bce0, 189;
E_0x134705cc0/47 .event anyedge, v0x13471bce0_186, v0x13471bce0_187, v0x13471bce0_188, v0x13471bce0_189;
v0x13471bce0_190 .array/port v0x13471bce0, 190;
v0x13471bce0_191 .array/port v0x13471bce0, 191;
v0x13471bce0_192 .array/port v0x13471bce0, 192;
v0x13471bce0_193 .array/port v0x13471bce0, 193;
E_0x134705cc0/48 .event anyedge, v0x13471bce0_190, v0x13471bce0_191, v0x13471bce0_192, v0x13471bce0_193;
v0x13471bce0_194 .array/port v0x13471bce0, 194;
v0x13471bce0_195 .array/port v0x13471bce0, 195;
v0x13471bce0_196 .array/port v0x13471bce0, 196;
v0x13471bce0_197 .array/port v0x13471bce0, 197;
E_0x134705cc0/49 .event anyedge, v0x13471bce0_194, v0x13471bce0_195, v0x13471bce0_196, v0x13471bce0_197;
v0x13471bce0_198 .array/port v0x13471bce0, 198;
v0x13471bce0_199 .array/port v0x13471bce0, 199;
v0x13471bce0_200 .array/port v0x13471bce0, 200;
v0x13471bce0_201 .array/port v0x13471bce0, 201;
E_0x134705cc0/50 .event anyedge, v0x13471bce0_198, v0x13471bce0_199, v0x13471bce0_200, v0x13471bce0_201;
v0x13471bce0_202 .array/port v0x13471bce0, 202;
v0x13471bce0_203 .array/port v0x13471bce0, 203;
v0x13471bce0_204 .array/port v0x13471bce0, 204;
v0x13471bce0_205 .array/port v0x13471bce0, 205;
E_0x134705cc0/51 .event anyedge, v0x13471bce0_202, v0x13471bce0_203, v0x13471bce0_204, v0x13471bce0_205;
v0x13471bce0_206 .array/port v0x13471bce0, 206;
v0x13471bce0_207 .array/port v0x13471bce0, 207;
v0x13471bce0_208 .array/port v0x13471bce0, 208;
v0x13471bce0_209 .array/port v0x13471bce0, 209;
E_0x134705cc0/52 .event anyedge, v0x13471bce0_206, v0x13471bce0_207, v0x13471bce0_208, v0x13471bce0_209;
v0x13471bce0_210 .array/port v0x13471bce0, 210;
v0x13471bce0_211 .array/port v0x13471bce0, 211;
v0x13471bce0_212 .array/port v0x13471bce0, 212;
v0x13471bce0_213 .array/port v0x13471bce0, 213;
E_0x134705cc0/53 .event anyedge, v0x13471bce0_210, v0x13471bce0_211, v0x13471bce0_212, v0x13471bce0_213;
v0x13471bce0_214 .array/port v0x13471bce0, 214;
v0x13471bce0_215 .array/port v0x13471bce0, 215;
v0x13471bce0_216 .array/port v0x13471bce0, 216;
v0x13471bce0_217 .array/port v0x13471bce0, 217;
E_0x134705cc0/54 .event anyedge, v0x13471bce0_214, v0x13471bce0_215, v0x13471bce0_216, v0x13471bce0_217;
v0x13471bce0_218 .array/port v0x13471bce0, 218;
v0x13471bce0_219 .array/port v0x13471bce0, 219;
v0x13471bce0_220 .array/port v0x13471bce0, 220;
v0x13471bce0_221 .array/port v0x13471bce0, 221;
E_0x134705cc0/55 .event anyedge, v0x13471bce0_218, v0x13471bce0_219, v0x13471bce0_220, v0x13471bce0_221;
v0x13471bce0_222 .array/port v0x13471bce0, 222;
v0x13471bce0_223 .array/port v0x13471bce0, 223;
v0x13471bce0_224 .array/port v0x13471bce0, 224;
v0x13471bce0_225 .array/port v0x13471bce0, 225;
E_0x134705cc0/56 .event anyedge, v0x13471bce0_222, v0x13471bce0_223, v0x13471bce0_224, v0x13471bce0_225;
v0x13471bce0_226 .array/port v0x13471bce0, 226;
v0x13471bce0_227 .array/port v0x13471bce0, 227;
v0x13471bce0_228 .array/port v0x13471bce0, 228;
v0x13471bce0_229 .array/port v0x13471bce0, 229;
E_0x134705cc0/57 .event anyedge, v0x13471bce0_226, v0x13471bce0_227, v0x13471bce0_228, v0x13471bce0_229;
v0x13471bce0_230 .array/port v0x13471bce0, 230;
v0x13471bce0_231 .array/port v0x13471bce0, 231;
v0x13471bce0_232 .array/port v0x13471bce0, 232;
v0x13471bce0_233 .array/port v0x13471bce0, 233;
E_0x134705cc0/58 .event anyedge, v0x13471bce0_230, v0x13471bce0_231, v0x13471bce0_232, v0x13471bce0_233;
v0x13471bce0_234 .array/port v0x13471bce0, 234;
v0x13471bce0_235 .array/port v0x13471bce0, 235;
v0x13471bce0_236 .array/port v0x13471bce0, 236;
v0x13471bce0_237 .array/port v0x13471bce0, 237;
E_0x134705cc0/59 .event anyedge, v0x13471bce0_234, v0x13471bce0_235, v0x13471bce0_236, v0x13471bce0_237;
v0x13471bce0_238 .array/port v0x13471bce0, 238;
v0x13471bce0_239 .array/port v0x13471bce0, 239;
v0x13471bce0_240 .array/port v0x13471bce0, 240;
v0x13471bce0_241 .array/port v0x13471bce0, 241;
E_0x134705cc0/60 .event anyedge, v0x13471bce0_238, v0x13471bce0_239, v0x13471bce0_240, v0x13471bce0_241;
v0x13471bce0_242 .array/port v0x13471bce0, 242;
v0x13471bce0_243 .array/port v0x13471bce0, 243;
v0x13471bce0_244 .array/port v0x13471bce0, 244;
v0x13471bce0_245 .array/port v0x13471bce0, 245;
E_0x134705cc0/61 .event anyedge, v0x13471bce0_242, v0x13471bce0_243, v0x13471bce0_244, v0x13471bce0_245;
v0x13471bce0_246 .array/port v0x13471bce0, 246;
v0x13471bce0_247 .array/port v0x13471bce0, 247;
v0x13471bce0_248 .array/port v0x13471bce0, 248;
v0x13471bce0_249 .array/port v0x13471bce0, 249;
E_0x134705cc0/62 .event anyedge, v0x13471bce0_246, v0x13471bce0_247, v0x13471bce0_248, v0x13471bce0_249;
v0x13471bce0_250 .array/port v0x13471bce0, 250;
v0x13471bce0_251 .array/port v0x13471bce0, 251;
v0x13471bce0_252 .array/port v0x13471bce0, 252;
v0x13471bce0_253 .array/port v0x13471bce0, 253;
E_0x134705cc0/63 .event anyedge, v0x13471bce0_250, v0x13471bce0_251, v0x13471bce0_252, v0x13471bce0_253;
v0x13471bce0_254 .array/port v0x13471bce0, 254;
v0x13471bce0_255 .array/port v0x13471bce0, 255;
E_0x134705cc0/64 .event anyedge, v0x13471bce0_254, v0x13471bce0_255;
E_0x134705cc0 .event/or E_0x134705cc0/0, E_0x134705cc0/1, E_0x134705cc0/2, E_0x134705cc0/3, E_0x134705cc0/4, E_0x134705cc0/5, E_0x134705cc0/6, E_0x134705cc0/7, E_0x134705cc0/8, E_0x134705cc0/9, E_0x134705cc0/10, E_0x134705cc0/11, E_0x134705cc0/12, E_0x134705cc0/13, E_0x134705cc0/14, E_0x134705cc0/15, E_0x134705cc0/16, E_0x134705cc0/17, E_0x134705cc0/18, E_0x134705cc0/19, E_0x134705cc0/20, E_0x134705cc0/21, E_0x134705cc0/22, E_0x134705cc0/23, E_0x134705cc0/24, E_0x134705cc0/25, E_0x134705cc0/26, E_0x134705cc0/27, E_0x134705cc0/28, E_0x134705cc0/29, E_0x134705cc0/30, E_0x134705cc0/31, E_0x134705cc0/32, E_0x134705cc0/33, E_0x134705cc0/34, E_0x134705cc0/35, E_0x134705cc0/36, E_0x134705cc0/37, E_0x134705cc0/38, E_0x134705cc0/39, E_0x134705cc0/40, E_0x134705cc0/41, E_0x134705cc0/42, E_0x134705cc0/43, E_0x134705cc0/44, E_0x134705cc0/45, E_0x134705cc0/46, E_0x134705cc0/47, E_0x134705cc0/48, E_0x134705cc0/49, E_0x134705cc0/50, E_0x134705cc0/51, E_0x134705cc0/52, E_0x134705cc0/53, E_0x134705cc0/54, E_0x134705cc0/55, E_0x134705cc0/56, E_0x134705cc0/57, E_0x134705cc0/58, E_0x134705cc0/59, E_0x134705cc0/60, E_0x134705cc0/61, E_0x134705cc0/62, E_0x134705cc0/63, E_0x134705cc0/64;
E_0x1347060b0 .event posedge, v0x13471bc40_0;
    .scope S_0x134705940;
T_0 ;
    %wait E_0x1347060b0;
    %load/vec4 v0x13471bb00_0;
    %flag_set/vec4 8;
    %jmp/0xz  T_0.0, 8;
    %load/vec4 v0x13471ce70_0;
    %load/vec4 v0x13471bba0_0;
    %parti/s 6, 2, 3;
    %pad/u 10;
    %ix/vec4 3;
    %ix/load 4, 0, 0; Constant delay
    %assign/vec4/a/d v0x13471bce0, 0, 4;
T_0.0 ;
    %jmp T_0;
    .thread T_0;
    .scope S_0x134705940;
T_1 ;
    %wait E_0x134705cc0;
    %load/vec4 v0x13470ec00_0;
    %flag_set/vec4 8;
    %jmp/0xz  T_1.0, 8;
    %load/vec4 v0x13471bba0_0;
    %parti/s 6, 2, 3;
    %pad/u 10;
    %ix/vec4 4;
    %load/vec4a v0x13471bce0, 4;
    %store/vec4 v0x13471cdc0_0, 0, 32;
    %jmp T_1.1;
T_1.0 ;
    %pushi/vec4 0, 0, 32;
    %store/vec4 v0x13471cdc0_0, 0, 32;
T_1.1 ;
    %jmp T_1;
    .thread T_1, $push;
# The file index is used to find the file name in the following table.
:file_names 3;
    "N/A";
    "<interactive>";
    "data_memory.v";
